Using pre-set license
Built from '2020.3/release' branch; Version is '2020.3.12f1 (b3b2c6512326) revision 11776710'; Using compiler version '192528614'; Build Type 'Release'
OS: 'Windows 10 Pro; OS build 19042.1348; Version 2009; 64bit' Language: 'en' Physical Memory: 24534 MB
BatchMode: 1, IsHumanControllingUs: 0, StartBugReporterOnCrash: 0, Is64bit: 1, IsPro: 0

 COMMAND LINE ARGUMENTS:
C:\Program Files\Unity\Hub\Editor\2020.3.12f1\Editor\Unity.exe
-adb2
-batchMode
-noUpm
-name
AssetImportWorker0
-projectPath
D:/GAM150_3D_FPS_2021-22
-logFile
Logs/AssetImportWorker0.log
-srvPort
62117
Successfully changed project path to: D:/GAM150_3D_FPS_2021-22
D:/GAM150_3D_FPS_2021-22
Using Asset Import Pipeline V2.
Refreshing native plugins compatible for Editor in 109.91 ms, found 2 plugins.
Preloading 0 native plugins for Editor in 0.00 ms.
Initialize engine version: 2020.3.12f1 (b3b2c6512326)
[Subsystems] Discovering subsystems at path C:/Program Files/Unity/Hub/Editor/2020.3.12f1/Editor/Data/Resources/UnitySubsystems
[Subsystems] Discovering subsystems at path D:/GAM150_3D_FPS_2021-22/Assets
GfxDevice: creating device client; threaded=0
Direct3D:
    Version:  Direct3D 11.0 [level 11.1]
    Renderer: NVIDIA GeForce GTX 1050 Ti (ID=0x1c82)
    Vendor:   
    VRAM:     4018 MB
    Driver:   27.21.14.6611
Initialize mono
Mono path[0] = 'C:/Program Files/Unity/Hub/Editor/2020.3.12f1/Editor/Data/Managed'
Mono path[1] = 'C:/Program Files/Unity/Hub/Editor/2020.3.12f1/Editor/Data/MonoBleedingEdge/lib/mono/unityjit'
Mono config path = 'C:/Program Files/Unity/Hub/Editor/2020.3.12f1/Editor/Data/MonoBleedingEdge/etc'
Using monoOptions --debugger-agent=transport=dt_socket,embedding=1,server=y,suspend=n,address=127.0.0.1:56368
Begin MonoManager ReloadAssembly
Registering precompiled unity dll's ...
Register platform support module: C:/Program Files/Unity/Hub/Editor/2020.3.12f1/Editor/Data/PlaybackEngines/WindowsStandaloneSupport/UnityEditor.WindowsStandalone.Extensions.dll
Registered in 0.004496 seconds.
Native extension for WindowsStandalone target not found
Refreshing native plugins compatible for Editor in 114.15 ms, found 2 plugins.
Preloading 0 native plugins for Editor in 0.00 ms.
Mono: successfully reloaded assembly
- Completed reload, in  2.835 seconds
Platform modules already initialized, skipping
Registering precompiled user dll's ...
Registered in 0.203433 seconds.
Begin MonoManager ReloadAssembly
Native extension for WindowsStandalone target not found
Refreshing native plugins compatible for Editor in 0.90 ms, found 2 plugins.
Preloading 0 native plugins for Editor in 0.00 ms.
Mono: successfully reloaded assembly
- Completed reload, in  2.391 seconds
Platform modules already initialized, skipping
========================================================================
Worker process is ready to serve import requests
Launched and connected shader compiler UnityShaderCompiler.exe after 0.09 seconds
Refreshing native plugins compatible for Editor in 0.87 ms, found 2 plugins.
Preloading 0 native plugins for Editor in 0.00 ms.
Unloading 2040 Unused Serialized files (Serialized files now loaded: 0)
System memory in use before: 175.4 MB.
System memory in use after: 175.5 MB.

Unloading 20 unused Assets to reduce memory usage. Loaded Objects now: 2491.
Total: 4.886000 ms (FindLiveObjects: 0.456100 ms CreateObjectMapping: 0.118600 ms MarkObjects: 4.115600 ms  DeleteObjects: 0.193400 ms)

AssetImportParameters requested are different than current active one (requested -> active):
  custom:framework-win-MediaFoundation: 216162199b28c13a410421893ffa2e32 -> 
  custom:video-decoder-ogg-theora: a1e56fd34408186e4bbccfd4996cb3dc -> 
  custom:container-muxer-webm: aa71ff27fc2769a1b78a27578f13a17b -> 
  custom:container-demuxer-webm: 4f35f7cbe854078d1ac9338744f61a02 -> 
  custom:container-demuxer-ogg: 62fdf1f143b41e24485cea50d1cbac27 -> 
  custom:video-encoder-webm-vp8: eb34c28f22e8b96e1ab97ce403110664 -> 
  custom:video-decoder-webm-vp8: 9c59270c3fd7afecdb556c50c9e8de78 -> 
  custom:audio-decoder-ogg-vorbis: bf7c407c2cedff20999df2af8eb42d56 -> 
  custom:audio-encoder-webm-vorbis: bf7c407c2cedff20999df2af8eb42d56 -> 
========================================================================
Received Import Request.
  path: Assets/explosionLaunch.cs
  artifactKey: Guid(867c6bac8881aa245b7ea363cab5b9b4) Importer(815301076,1909f56bfc062723c751e8b465ee728b)
Start importing Assets/explosionLaunch.cs using Guid(867c6bac8881aa245b7ea363cab5b9b4) Importer(815301076,1909f56bfc062723c751e8b465ee728b)  -> (artifact id: '41be5c7246cbc38d7f5b23a294227276') in 0.043643 seconds 
  Import took 0.049908 seconds .

========================================================================
Received Prepare
Registering precompiled user dll's ...
Registered in 0.007356 seconds.
Begin MonoManager ReloadAssembly
Native extension for WindowsStandalone target not found
Refreshing native plugins compatible for Editor in 0.88 ms, found 2 plugins.
Preloading 0 native plugins for Editor in 0.00 ms.
Mono: successfully reloaded assembly
- Completed reload, in  2.674 seconds
Platform modules already initialized, skipping
Refreshing native plugins compatible for Editor in 0.98 ms, found 2 plugins.
Preloading 0 native plugins for Editor in 0.00 ms.
Unloading 2000 Unused Serialized files (Serialized files now loaded: 0)
System memory in use before: 172.1 MB.
System memory in use after: 172.1 MB.

Unloading 15 unused Assets to reduce memory usage. Loaded Objects now: 2493.
Total: 4.125000 ms (FindLiveObjects: 0.503500 ms CreateObjectMapping: 0.132900 ms MarkObjects: 3.329000 ms  DeleteObjects: 0.158000 ms)

AssetImportParameters requested are different than current active one (requested -> active):
  custom:framework-win-MediaFoundation: 216162199b28c13a410421893ffa2e32 -> 
  custom:video-decoder-ogg-theora: a1e56fd34408186e4bbccfd4996cb3dc -> 
  custom:container-muxer-webm: aa71ff27fc2769a1b78a27578f13a17b -> 
  custom:container-demuxer-webm: 4f35f7cbe854078d1ac9338744f61a02 -> 
  custom:container-demuxer-ogg: 62fdf1f143b41e24485cea50d1cbac27 -> 
  custom:video-encoder-webm-vp8: eb34c28f22e8b96e1ab97ce403110664 -> 
  custom:video-decoder-webm-vp8: 9c59270c3fd7afecdb556c50c9e8de78 -> 
  custom:audio-decoder-ogg-vorbis: bf7c407c2cedff20999df2af8eb42d56 -> 
  custom:audio-encoder-webm-vorbis: bf7c407c2cedff20999df2af8eb42d56 -> 
========================================================================
Received Import Request.
  Time since last request: 880.901198 seconds.
  path: Assets/FPS/Prefabs/Projectiles/Sphere.prefab
  artifactKey: Guid(8dca4c80dccaafb49acccdc1a6f2018d) Importer(815301076,1909f56bfc062723c751e8b465ee728b)
Start importing Assets/FPS/Prefabs/Projectiles/Sphere.prefab using Guid(8dca4c80dccaafb49acccdc1a6f2018d) Importer(815301076,1909f56bfc062723c751e8b465ee728b)  -> (artifact id: 'b0a48292180e2be6923231ca0f265084') in 0.179021 seconds 
  Import took 0.186399 seconds .

========================================================================
Received Import Request.
  Time since last request: 29.693734 seconds.
  path: Assets/FPS/Prefabs/Projectiles/Sphere.prefab
  artifactKey: Guid(8dca4c80dccaafb49acccdc1a6f2018d) Importer(815301076,1909f56bfc062723c751e8b465ee728b)
Start importing Assets/FPS/Prefabs/Projectiles/Sphere.prefab using Guid(8dca4c80dccaafb49acccdc1a6f2018d) Importer(815301076,1909f56bfc062723c751e8b465ee728b)  -> (artifact id: 'db418fa261a5e58b9426b5536dff927f') in 0.026750 seconds 
  Import took 0.034244 seconds .

========================================================================
Received Import Request.
  Time since last request: 4.676862 seconds.
  path: Assets/FPS/Prefabs/Projectiles/Sphere.prefab
  artifactKey: Guid(8dca4c80dccaafb49acccdc1a6f2018d) Importer(815301076,1909f56bfc062723c751e8b465ee728b)
Start importing Assets/FPS/Prefabs/Projectiles/Sphere.prefab using Guid(8dca4c80dccaafb49acccdc1a6f2018d) Importer(815301076,1909f56bfc062723c751e8b465ee728b)  -> (artifact id: '822346bdbf2f9581601163cfc729d659') in 0.024303 seconds 
  Import took 0.031332 seconds .

========================================================================
Received Import Request.
  Time since last request: 1.837034 seconds.
  path: Assets/FPS/Prefabs/Projectiles/Sphere.prefab
  artifactKey: Guid(8dca4c80dccaafb49acccdc1a6f2018d) Importer(815301076,1909f56bfc062723c751e8b465ee728b)
Start importing Assets/FPS/Prefabs/Projectiles/Sphere.prefab using Guid(8dca4c80dccaafb49acccdc1a6f2018d) Importer(815301076,1909f56bfc062723c751e8b465ee728b)  -> (artifact id: '983ad320304e2dce523fdb908d1ffe3a') in 0.026577 seconds 
  Import took 0.033150 seconds .

========================================================================
Received Import Request.
  Time since last request: 24.906016 seconds.
  path: Assets/FPS/Prefabs/Weapons/Weapon_Launcher.prefab
  artifactKey: Guid(3439b4874b7b44e4eb2216314c46b85c) Importer(815301076,1909f56bfc062723c751e8b465ee728b)
Start importing Assets/FPS/Prefabs/Weapons/Weapon_Launcher.prefab using Guid(3439b4874b7b44e4eb2216314c46b85c) Importer(815301076,1909f56bfc062723c751e8b465ee728b)  -> (artifact id: '36d0cb11e5626e4b6867e404c868ad4a') in 0.080453 seconds 
  Import took 0.102351 seconds .

========================================================================
Received Prepare
Registering precompiled user dll's ...
Registered in 0.007170 seconds.
Begin MonoManager ReloadAssembly
Native extension for WindowsStandalone target not found
Refreshing native plugins compatible for Editor in 0.97 ms, found 2 plugins.
Preloading 0 native plugins for Editor in 0.00 ms.
Mono: successfully reloaded assembly
- Completed reload, in  2.265 seconds
Platform modules already initialized, skipping
Refreshing native plugins compatible for Editor in 0.86 ms, found 2 plugins.
Preloading 0 native plugins for Editor in 0.00 ms.
Unloading 2000 Unused Serialized files (Serialized files now loaded: 0)
System memory in use before: 175.2 MB.
System memory in use after: 175.2 MB.

Unloading 16 unused Assets to reduce memory usage. Loaded Objects now: 2503.
Total: 5.227900 ms (FindLiveObjects: 0.624100 ms CreateObjectMapping: 0.299000 ms MarkObjects: 4.140600 ms  DeleteObjects: 0.162100 ms)

AssetImportParameters requested are different than current active one (requested -> active):
  custom:framework-win-MediaFoundation: 216162199b28c13a410421893ffa2e32 -> 
  custom:video-decoder-ogg-theora: a1e56fd34408186e4bbccfd4996cb3dc -> 
  custom:container-muxer-webm: aa71ff27fc2769a1b78a27578f13a17b -> 
  custom:container-demuxer-webm: 4f35f7cbe854078d1ac9338744f61a02 -> 
  custom:container-demuxer-ogg: 62fdf1f143b41e24485cea50d1cbac27 -> 
  custom:video-encoder-webm-vp8: eb34c28f22e8b96e1ab97ce403110664 -> 
  custom:video-decoder-webm-vp8: 9c59270c3fd7afecdb556c50c9e8de78 -> 
  custom:audio-decoder-ogg-vorbis: bf7c407c2cedff20999df2af8eb42d56 -> 
  custom:audio-encoder-webm-vorbis: bf7c407c2cedff20999df2af8eb42d56 -> 
========================================================================
Received Import Request.
  Time since last request: 60.484610 seconds.
  path: Assets/FPS/Prefabs/Projectiles/Sphere.prefab
  artifactKey: Guid(8dca4c80dccaafb49acccdc1a6f2018d) Importer(815301076,1909f56bfc062723c751e8b465ee728b)
Start importing Assets/FPS/Prefabs/Projectiles/Sphere.prefab using Guid(8dca4c80dccaafb49acccdc1a6f2018d) Importer(815301076,1909f56bfc062723c751e8b465ee728b)  -> (artifact id: 'a14727e8ff4ca26aaec61826a69372d6') in 0.133148 seconds 
  Import took 0.139587 seconds .

========================================================================
Received Import Request.
  Time since last request: 2.031126 seconds.
  path: Assets/FPS/Prefabs/Projectiles/Sphere.prefab
  artifactKey: Guid(8dca4c80dccaafb49acccdc1a6f2018d) Importer(815301076,1909f56bfc062723c751e8b465ee728b)
Start importing Assets/FPS/Prefabs/Projectiles/Sphere.prefab using Guid(8dca4c80dccaafb49acccdc1a6f2018d) Importer(815301076,1909f56bfc062723c751e8b465ee728b)  -> (artifact id: 'a14727e8ff4ca26aaec61826a69372d6') in 0.023434 seconds 
  Import took 0.031419 seconds .

========================================================================
Received Prepare
Registering precompiled user dll's ...
Registered in 0.015284 seconds.
Begin MonoManager ReloadAssembly
Native extension for WindowsStandalone target not found
Refreshing native plugins compatible for Editor in 0.97 ms, found 2 plugins.
Preloading 0 native plugins for Editor in 0.00 ms.
Mono: successfully reloaded assembly
- Completed reload, in  2.765 seconds
Platform modules already initialized, skipping
Refreshing native plugins compatible for Editor in 9.34 ms, found 2 plugins.
Preloading 0 native plugins for Editor in 0.00 ms.
Unloading 2000 Unused Serialized files (Serialized files now loaded: 0)
System memory in use before: 175.2 MB.
System memory in use after: 175.2 MB.

Unloading 16 unused Assets to reduce memory usage. Loaded Objects now: 2506.
Total: 15.332800 ms (FindLiveObjects: 1.134100 ms CreateObjectMapping: 0.189000 ms MarkObjects: 13.823900 ms  DeleteObjects: 0.183000 ms)

AssetImportParameters requested are different than current active one (requested -> active):
  custom:framework-win-MediaFoundation: 216162199b28c13a410421893ffa2e32 -> 
  custom:video-decoder-ogg-theora: a1e56fd34408186e4bbccfd4996cb3dc -> 
  custom:container-muxer-webm: aa71ff27fc2769a1b78a27578f13a17b -> 
  custom:container-demuxer-webm: 4f35f7cbe854078d1ac9338744f61a02 -> 
  custom:container-demuxer-ogg: 62fdf1f143b41e24485cea50d1cbac27 -> 
  custom:video-encoder-webm-vp8: eb34c28f22e8b96e1ab97ce403110664 -> 
  custom:video-decoder-webm-vp8: 9c59270c3fd7afecdb556c50c9e8de78 -> 
  custom:audio-decoder-ogg-vorbis: bf7c407c2cedff20999df2af8eb42d56 -> 
  custom:audio-encoder-webm-vorbis: bf7c407c2cedff20999df2af8eb42d56 -> 
========================================================================
Received Prepare
Registering precompiled user dll's ...
Registered in 0.009397 seconds.
Begin MonoManager ReloadAssembly
Native extension for WindowsStandalone target not found
Refreshing native plugins compatible for Editor in 0.92 ms, found 2 plugins.
Preloading 0 native plugins for Editor in 0.00 ms.
Mono: successfully reloaded assembly
- Completed reload, in  2.404 seconds
Platform modules already initialized, skipping
Refreshing native plugins compatible for Editor in 0.92 ms, found 2 plugins.
Preloading 0 native plugins for Editor in 0.00 ms.
Unloading 2000 Unused Serialized files (Serialized files now loaded: 0)
System memory in use before: 175.2 MB.
System memory in use after: 175.2 MB.

Unloading 15 unused Assets to reduce memory usage. Loaded Objects now: 2508.
Total: 5.697200 ms (FindLiveObjects: 0.676300 ms CreateObjectMapping: 0.378700 ms MarkObjects: 4.451400 ms  DeleteObjects: 0.189100 ms)

AssetImportParameters requested are different than current active one (requested -> active):
  custom:framework-win-MediaFoundation: 216162199b28c13a410421893ffa2e32 -> 
  custom:video-decoder-ogg-theora: a1e56fd34408186e4bbccfd4996cb3dc -> 
  custom:container-muxer-webm: aa71ff27fc2769a1b78a27578f13a17b -> 
  custom:container-demuxer-webm: 4f35f7cbe854078d1ac9338744f61a02 -> 
  custom:container-demuxer-ogg: 62fdf1f143b41e24485cea50d1cbac27 -> 
  custom:video-encoder-webm-vp8: eb34c28f22e8b96e1ab97ce403110664 -> 
  custom:video-decoder-webm-vp8: 9c59270c3fd7afecdb556c50c9e8de78 -> 
  custom:audio-decoder-ogg-vorbis: bf7c407c2cedff20999df2af8eb42d56 -> 
  custom:audio-encoder-webm-vorbis: bf7c407c2cedff20999df2af8eb42d56 -> 
========================================================================
Received Import Request.
  Time since last request: 2348.251223 seconds.
  path: Assets/FPS/Prefabs/Projectiles/Sphere.prefab
  artifactKey: Guid(8dca4c80dccaafb49acccdc1a6f2018d) Importer(815301076,1909f56bfc062723c751e8b465ee728b)
Start importing Assets/FPS/Prefabs/Projectiles/Sphere.prefab using Guid(8dca4c80dccaafb49acccdc1a6f2018d) Importer(815301076,1909f56bfc062723c751e8b465ee728b)  -> (artifact id: '978dcd395fab3bcd74e602c03bd0c4aa') in 0.136015 seconds 
  Import took 0.144680 seconds .

========================================================================
Received Import Request.
  Time since last request: 3.253056 seconds.
  path: Assets/FPS/Prefabs/Projectiles/Sphere.prefab
  artifactKey: Guid(8dca4c80dccaafb49acccdc1a6f2018d) Importer(815301076,1909f56bfc062723c751e8b465ee728b)
Start importing Assets/FPS/Prefabs/Projectiles/Sphere.prefab using Guid(8dca4c80dccaafb49acccdc1a6f2018d) Importer(815301076,1909f56bfc062723c751e8b465ee728b)  -> (artifact id: '2cf2a824103a9123070b91ff39bc2f8c') in 0.025120 seconds 
  Import took 0.042084 seconds .

========================================================================
Received Import Request.
  Time since last request: 2.920091 seconds.
  path: Assets/FPS/Prefabs/Projectiles/Sphere.prefab
  artifactKey: Guid(8dca4c80dccaafb49acccdc1a6f2018d) Importer(815301076,1909f56bfc062723c751e8b465ee728b)
Start importing Assets/FPS/Prefabs/Projectiles/Sphere.prefab using Guid(8dca4c80dccaafb49acccdc1a6f2018d) Importer(815301076,1909f56bfc062723c751e8b465ee728b)  -> (artifact id: 'fd89358dbbb85e5deb9fb40c77e6bbea') in 0.025678 seconds 
  Import took 0.031935 seconds .

========================================================================
Received Prepare
Registering precompiled user dll's ...
Registered in 0.008407 seconds.
Begin MonoManager ReloadAssembly
Native extension for WindowsStandalone target not found
Refreshing native plugins compatible for Editor in 0.83 ms, found 2 plugins.
Preloading 0 native plugins for Editor in 0.00 ms.
Mono: successfully reloaded assembly
- Completed reload, in  2.310 seconds
Platform modules already initialized, skipping
Refreshing native plugins compatible for Editor in 1.17 ms, found 2 plugins.
Preloading 0 native plugins for Editor in 0.00 ms.
Unloading 2000 Unused Serialized files (Serialized files now loaded: 0)
System memory in use before: 175.1 MB.
System memory in use after: 175.2 MB.

Unloading 16 unused Assets to reduce memory usage. Loaded Objects now: 2511.
Total: 4.161400 ms (FindLiveObjects: 0.423200 ms CreateObjectMapping: 0.114900 ms MarkObjects: 3.452900 ms  DeleteObjects: 0.168600 ms)

AssetImportParameters requested are different than current active one (requested -> active):
  custom:framework-win-MediaFoundation: 216162199b28c13a410421893ffa2e32 -> 
  custom:video-decoder-ogg-theora: a1e56fd34408186e4bbccfd4996cb3dc -> 
  custom:container-muxer-webm: aa71ff27fc2769a1b78a27578f13a17b -> 
  custom:container-demuxer-webm: 4f35f7cbe854078d1ac9338744f61a02 -> 
  custom:container-demuxer-ogg: 62fdf1f143b41e24485cea50d1cbac27 -> 
  custom:video-encoder-webm-vp8: eb34c28f22e8b96e1ab97ce403110664 -> 
  custom:video-decoder-webm-vp8: 9c59270c3fd7afecdb556c50c9e8de78 -> 
  custom:audio-decoder-ogg-vorbis: bf7c407c2cedff20999df2af8eb42d56 -> 
  custom:audio-encoder-webm-vorbis: bf7c407c2cedff20999df2af8eb42d56 -> 
========================================================================
Received Prepare
Registering precompiled user dll's ...
Registered in 0.008646 seconds.
Begin MonoManager ReloadAssembly
Native extension for WindowsStandalone target not found
Refreshing native plugins compatible for Editor in 0.86 ms, found 2 plugins.
Preloading 0 native plugins for Editor in 0.00 ms.
Mono: successfully reloaded assembly
- Completed reload, in  2.590 seconds
Platform modules already initialized, skipping
Refreshing native plugins compatible for Editor in 0.97 ms, found 2 plugins.
Preloading 0 native plugins for Editor in 0.00 ms.
Unloading 2000 Unused Serialized files (Serialized files now loaded: 0)
System memory in use before: 175.2 MB.
System memory in use after: 175.3 MB.

Unloading 15 unused Assets to reduce memory usage. Loaded Objects now: 2513.
Total: 5.371000 ms (FindLiveObjects: 0.485200 ms CreateObjectMapping: 0.135200 ms MarkObjects: 4.592900 ms  DeleteObjects: 0.155300 ms)

AssetImportParameters requested are different than current active one (requested -> active):
  custom:framework-win-MediaFoundation: 216162199b28c13a410421893ffa2e32 -> 
  custom:video-decoder-ogg-theora: a1e56fd34408186e4bbccfd4996cb3dc -> 
  custom:container-muxer-webm: aa71ff27fc2769a1b78a27578f13a17b -> 
  custom:container-demuxer-webm: 4f35f7cbe854078d1ac9338744f61a02 -> 
  custom:container-demuxer-ogg: 62fdf1f143b41e24485cea50d1cbac27 -> 
  custom:video-encoder-webm-vp8: eb34c28f22e8b96e1ab97ce403110664 -> 
  custom:video-decoder-webm-vp8: 9c59270c3fd7afecdb556c50c9e8de78 -> 
  custom:audio-decoder-ogg-vorbis: bf7c407c2cedff20999df2af8eb42d56 -> 
  custom:audio-encoder-webm-vorbis: bf7c407c2cedff20999df2af8eb42d56 -> 
========================================================================
Received Import Request.
  Time since last request: 97.466887 seconds.
  path: Assets/FPS/Prefabs/Projectiles/Sphere.prefab
  artifactKey: Guid(8dca4c80dccaafb49acccdc1a6f2018d) Importer(815301076,1909f56bfc062723c751e8b465ee728b)
Start importing Assets/FPS/Prefabs/Projectiles/Sphere.prefab using Guid(8dca4c80dccaafb49acccdc1a6f2018d) Importer(815301076,1909f56bfc062723c751e8b465ee728b)  -> (artifact id: '15ed9b96c94e1b92c530b1495a459e69') in 0.125402 seconds 
  Import took 0.131455 seconds .

========================================================================
Received Prepare
Registering precompiled user dll's ...
Registered in 0.010754 seconds.
Begin MonoManager ReloadAssembly
Native extension for WindowsStandalone target not found
Refreshing native plugins compatible for Editor in 0.91 ms, found 2 plugins.
Preloading 0 native plugins for Editor in 0.00 ms.
Mono: successfully reloaded assembly
- Completed reload, in  2.392 seconds
Platform modules already initialized, skipping
Refreshing native plugins compatible for Editor in 0.95 ms, found 2 plugins.
Preloading 0 native plugins for Editor in 0.00 ms.
Unloading 2000 Unused Serialized files (Serialized files now loaded: 0)
System memory in use before: 175.3 MB.
System memory in use after: 175.3 MB.

Unloading 16 unused Assets to reduce memory usage. Loaded Objects now: 2516.
Total: 3.802800 ms (FindLiveObjects: 0.419300 ms CreateObjectMapping: 0.149400 ms MarkObjects: 2.996900 ms  DeleteObjects: 0.234800 ms)

AssetImportParameters requested are different than current active one (requested -> active):
  custom:framework-win-MediaFoundation: 216162199b28c13a410421893ffa2e32 -> 
  custom:video-decoder-ogg-theora: a1e56fd34408186e4bbccfd4996cb3dc -> 
  custom:container-muxer-webm: aa71ff27fc2769a1b78a27578f13a17b -> 
  custom:container-demuxer-webm: 4f35f7cbe854078d1ac9338744f61a02 -> 
  custom:container-demuxer-ogg: 62fdf1f143b41e24485cea50d1cbac27 -> 
  custom:video-encoder-webm-vp8: eb34c28f22e8b96e1ab97ce403110664 -> 
  custom:video-decoder-webm-vp8: 9c59270c3fd7afecdb556c50c9e8de78 -> 
  custom:audio-decoder-ogg-vorbis: bf7c407c2cedff20999df2af8eb42d56 -> 
  custom:audio-encoder-webm-vorbis: bf7c407c2cedff20999df2af8eb42d56 -> 
========================================================================
Received Prepare
Registering precompiled user dll's ...
Registered in 0.008294 seconds.
Begin MonoManager ReloadAssembly
Native extension for WindowsStandalone target not found
Refreshing native plugins compatible for Editor in 0.93 ms, found 2 plugins.
Preloading 0 native plugins for Editor in 0.00 ms.
Mono: successfully reloaded assembly
- Completed reload, in  2.232 seconds
Platform modules already initialized, skipping
Refreshing native plugins compatible for Editor in 1.20 ms, found 2 plugins.
Preloading 0 native plugins for Editor in 0.00 ms.
Unloading 2000 Unused Serialized files (Serialized files now loaded: 0)
System memory in use before: 175.3 MB.
System memory in use after: 175.3 MB.

Unloading 15 unused Assets to reduce memory usage. Loaded Objects now: 2518.
Total: 4.655900 ms (FindLiveObjects: 0.446400 ms CreateObjectMapping: 0.105500 ms MarkObjects: 3.940000 ms  DeleteObjects: 0.161500 ms)

AssetImportParameters requested are different than current active one (requested -> active):
  custom:framework-win-MediaFoundation: 216162199b28c13a410421893ffa2e32 -> 
  custom:video-decoder-ogg-theora: a1e56fd34408186e4bbccfd4996cb3dc -> 
  custom:container-muxer-webm: aa71ff27fc2769a1b78a27578f13a17b -> 
  custom:container-demuxer-webm: 4f35f7cbe854078d1ac9338744f61a02 -> 
  custom:container-demuxer-ogg: 62fdf1f143b41e24485cea50d1cbac27 -> 
  custom:video-encoder-webm-vp8: eb34c28f22e8b96e1ab97ce403110664 -> 
  custom:video-decoder-webm-vp8: 9c59270c3fd7afecdb556c50c9e8de78 -> 
  custom:audio-decoder-ogg-vorbis: bf7c407c2cedff20999df2af8eb42d56 -> 
  custom:audio-encoder-webm-vorbis: bf7c407c2cedff20999df2af8eb42d56 -> 
AssetImportWorkerClient::OnTransportError - code=2 error=End of file
